2025-06-25T18:59:26.113Z - GET /users
2025-06-25T18:59:26.745Z - GET /users
2025-06-25T18:59:26.995Z - GET /users
2025-06-25T18:59:27.154Z - GET /users
2025-06-25T18:59:27.419Z - GET /users
2025-06-25T18:59:27.623Z - GET /users
2025-06-25T18:59:41.873Z - POST /users
2025-06-25T18:59:41.887Z - GET /users
2025-06-25T19:00:15.051Z - GET /users
2025-06-25T19:00:16.756Z - GET /users
2025-06-25T20:17:18.982Z - GET /users
2025-06-25T20:17:19.557Z - GET /users
2025-06-25T20:17:19.750Z - GET /users
2025-06-25T20:17:19.960Z - GET /users
2025-06-25T20:17:39.004Z - GET /users
2025-06-25T23:25:19.496Z - GET /users
2025-06-25T23:25:36.227Z - GET /users
2025-06-26T01:20:27.769Z - GET /users
2025-06-26T01:20:32.671Z - DELETE /users/1
2025-06-26T01:20:32.690Z - GET /users
2025-06-26T01:20:33.879Z - DELETE /users/1
2025-06-26T01:20:33.890Z - GET /users
2025-06-26T01:20:34.138Z - DELETE /users/1
2025-06-26T01:20:34.147Z - GET /users
2025-06-26T01:20:34.323Z - DELETE /users/1
2025-06-26T01:20:34.333Z - GET /users
2025-06-26T01:20:34.491Z - DELETE /users/1
2025-06-26T01:20:34.499Z - GET /users
2025-06-26T01:20:35.292Z - DELETE /users/1
2025-06-26T01:20:35.303Z - GET /users
2025-06-26T01:20:35.637Z - DELETE /users/1
2025-06-26T01:20:35.647Z - GET /users
2025-06-26T01:20:35.847Z - DELETE /users/1
2025-06-26T01:20:35.854Z - GET /users
2025-06-26T01:20:36.093Z - DELETE /users/1
2025-06-26T01:20:36.104Z - GET /users
2025-06-26T01:20:36.323Z - DELETE /users/1
2025-06-26T01:20:36.331Z - GET /users
2025-06-26T01:20:41.596Z - POST /users
2025-06-26T01:20:41.618Z - GET /users
2025-06-26T01:20:43.583Z - DELETE /users/9
2025-06-26T01:20:43.592Z - GET /users
2025-06-26T01:20:43.838Z - DELETE /users/9
2025-06-26T01:20:43.852Z - GET /users
2025-06-26T01:20:44.016Z - DELETE /users/9
2025-06-26T01:20:44.025Z - GET /users
2025-06-26T01:20:44.258Z - DELETE /users/9
2025-06-26T01:20:44.265Z - GET /users
2025-06-26T01:29:03.632Z - GET /users
2025-06-26T01:29:07.353Z - DELETE /users/9
2025-06-26T01:29:07.373Z - GET /users
2025-06-26T01:29:08.336Z - DELETE /users/9
2025-06-26T01:29:08.350Z - GET /users
2025-06-26T01:29:08.538Z - DELETE /users/9
2025-06-26T01:29:08.551Z - GET /users
2025-06-26T01:29:08.753Z - DELETE /users/9
2025-06-26T01:29:08.763Z - GET /users
2025-06-26T01:29:08.922Z - DELETE /users/9
2025-06-26T01:29:08.930Z - GET /users
2025-06-26T01:29:09.123Z - DELETE /users/9
2025-06-26T01:29:09.130Z - GET /users
2025-06-26T01:29:13.258Z - DELETE /users/9
2025-06-26T01:29:13.267Z - GET /users
2025-06-26T16:12:58.018Z - GET /users
2025-06-26T16:12:58.855Z - GET /users
2025-06-26T16:12:59.038Z - GET /users
2025-06-26T16:13:03.278Z - POST /users
2025-06-26T16:13:03.285Z - GET /users
2025-06-26T16:13:21.522Z - POST /users
2025-06-26T16:13:21.531Z - GET /users
2025-06-26T16:13:38.226Z - GET /users
2025-06-26T16:13:54.371Z - GET /users
2025-06-26T16:19:39.810Z - GET /users
2025-06-26T16:21:07.171Z - GET /users
2025-06-26T16:21:06.939Z - GET /users
2025-06-26T16:24:48.251Z - GET /users
2025-06-26T16:24:48.892Z - GET /users
2025-06-26T16:24:49.107Z - GET /users
2025-06-26T16:24:49.379Z - GET /users
2025-06-26T16:24:51.257Z - POST /users
2025-06-26T16:24:51.265Z - GET /users
2025-06-26T16:24:56.877Z - GET /users
2025-06-26T16:24:57.661Z - GET /users
2025-06-26T16:24:57.863Z - GET /users
2025-06-26T16:24:58.039Z - GET /users
2025-06-26T16:24:58.230Z - GET /users
2025-06-26T16:24:58.530Z - GET /users
2025-06-26T16:28:24.880Z - GET /users
2025-06-26T16:28:25.298Z - GET /users
2025-06-26T16:28:25.496Z - GET /users
2025-06-26T16:28:25.697Z - GET /users
2025-06-26T16:28:25.915Z - GET /users
2025-06-26T16:28:28.866Z - POST /users
2025-06-26T16:28:28.873Z - GET /users
2025-06-26T16:28:31.212Z - POST /users
2025-06-26T16:28:31.217Z - GET /users
2025-06-26T16:28:36.056Z - GET /users
2025-06-26T16:28:36.274Z - GET /users
2025-06-26T16:28:36.489Z - GET /users
2025-06-26T16:28:36.697Z - GET /users
2025-06-26T16:30:45.310Z - GET /users
2025-06-26T16:32:08.145Z - GET /users
2025-06-26T16:32:25.022Z - GET /users
2025-06-26T16:35:56.515Z - GET /users
2025-06-26T16:35:59.293Z - GET /users
2025-06-26T16:35:59.526Z - GET /users
2025-06-26T16:35:59.733Z - GET /users
2025-06-26T16:36:16.162Z - GET /users
2025-06-26T16:39:51.110Z - GET /users
2025-06-26T16:39:53.039Z - DELETE /users/1
2025-06-26T16:39:53.055Z - GET /users
2025-06-26T16:39:53.861Z - DELETE /users/3
2025-06-26T16:39:53.877Z - GET /users
2025-06-26T16:40:17.341Z - GET /users
2025-06-26T16:40:18.117Z - GET /users
2025-06-26T16:40:18.345Z - GET /users
2025-06-26T16:40:21.369Z - DELETE /users/5
2025-06-26T16:40:21.383Z - GET /users
2025-06-26T16:40:21.952Z - DELETE /users/6
2025-06-26T16:40:21.964Z - GET /users
2025-06-26T16:40:22.388Z - DELETE /users/7
2025-06-26T16:40:22.402Z - GET /users
2025-06-26T16:41:41.471Z - GET /users
2025-06-26T16:41:42.024Z - GET /users
2025-06-26T16:41:42.241Z - GET /users
2025-06-26T16:41:43.070Z - DELETE /users/4
2025-06-26T16:41:43.086Z - GET /users
2025-06-26T16:41:57.459Z - GET /users
2025-06-26T16:42:03.873Z - POST /users
2025-06-26T16:42:03.885Z - GET /users
2025-06-26T16:42:12.296Z - POST /users
2025-06-26T16:42:12.307Z - GET /users
2025-06-26T16:42:17.679Z - POST /users
2025-06-26T16:42:17.698Z - GET /users
2025-06-26T16:42:21.076Z - POST /users
2025-06-26T16:42:21.087Z - GET /users
2025-06-26T16:42:27.725Z - POST /users
2025-06-26T16:42:27.741Z - GET /users
2025-06-26T16:43:05.592Z - GET /users
2025-06-26T16:45:36.103Z - GET /users
2025-06-26T16:45:39.381Z - POST /users
2025-06-26T16:45:39.396Z - GET /users
2025-06-26T16:45:42.373Z - POST /users
2025-06-26T16:45:42.387Z - GET /users
2025-06-26T16:45:53.301Z - POST /users
2025-06-26T16:45:53.311Z - GET /users
2025-06-26T16:45:57.117Z - POST /users
2025-06-26T16:45:57.130Z - GET /users
2025-06-26T16:46:02.108Z - DELETE /users/4
2025-06-26T16:46:02.120Z - GET /users
2025-06-26T16:46:15.496Z - POST /users
2025-06-26T16:46:15.507Z - GET /users
2025-06-26T16:46:41.042Z - GET /users
2025-06-26T16:46:43.149Z - GET /users
2025-06-26T16:46:44.230Z - GET /users
2025-06-26T16:46:44.393Z - GET /users
2025-06-26T16:46:44.630Z - GET /users
2025-06-26T16:46:44.805Z - GET /users
2025-06-26T17:05:16.891Z - GET /users
2025-06-26T17:05:26.733Z - POST /users
2025-06-26T17:05:26.747Z - GET /users
2025-06-26T17:08:45.340Z - GET /users
2025-06-26T17:08:45.473Z - GET /users
2025-06-26T17:08:45.642Z - GET /users
2025-06-26T17:08:59.437Z - GET /users
2025-06-26T17:09:00.099Z - GET /users
2025-06-26T17:09:00.315Z - GET /users
2025-06-26T17:09:00.559Z - GET /users
2025-06-26T17:09:00.805Z - GET /users
2025-06-26T17:09:20.168Z - GET /users
2025-06-26T17:09:26.289Z - GET /users
2025-06-26T20:27:19.687Z - GET /users
2025-06-26T20:28:51.690Z - GET /users
2025-06-26T20:28:52.568Z - GET /users
2025-06-26T20:29:13.398Z - GET /users
2025-06-26T20:30:31.887Z - GET /users
2025-06-26T21:07:34.584Z - GET /users
2025-06-26T21:16:16.936Z - POST /users
2025-06-26T21:16:29.116Z - GET /users
2025-06-26T21:16:49.146Z - GET /users
2025-06-26T21:16:56.949Z - POST /users
2025-06-26T21:17:02.552Z - GET /users
2025-06-26T21:17:59.601Z - DELETE /users/7
2025-06-26T21:18:05.300Z - GET /users/7
2025-06-26T21:18:09.600Z - GET /users/
2025-06-26T22:11:38.678Z - POST /users
2025-06-26T22:12:45.129Z - GET /users
2025-06-26T22:14:08.008Z - DELETE /users/9
